<?xml version="1.0" encoding="UTF-8"?>
<!-- Generated by org.testng.reporters.JUnitXMLReporter -->
<testsuite hostname="EPINPUNW001A" ignored="2" name="Test" tests="2" failures="1" timestamp="2023-09-04T15:57:18 IST" time="0.075" errors="0">
  <testcase name="@AfterMethod tearDown" time="0.0" classname="com.mystore.testcases.LandingPageTest">
    <failure type="java.lang.NullPointerException">
      <![CDATA[java.lang.NullPointerException
at com.mystore.testcases.LandingPageTest.tearDown(LandingPageTest.java:39)
at java.util.ArrayList.forEach(Unknown Source)
... Removed 32 stack frames]]>
    </failure>
  </testcase> <!-- @AfterMethod tearDown -->
  <testcase name="validateTitle" time="0.026" classname="com.mystore.testcases.LandingPageTest">
    <failure type="java.lang.NullPointerException">
      <![CDATA[java.lang.NullPointerException
at com.mystore.pageobjects.LandingPage.getMyStoreTitle(LandingPage.java:34)
at com.mystore.testcases.LandingPageTest.validateTitle(LandingPageTest.java:45)
at java.util.ArrayList.forEach(Unknown Source)
... Removed 27 stack frames]]>
    </failure>
  </testcase> <!-- validateTitle -->
  <testcase name="test1" time="0.001" classname="com.mystore.testcases.BasketPage"/>
  <testcase name="loginToApplication" time="0.0" classname="com.mystore.testcases.LandingPageTest">
    <ignored/>
  </testcase> <!-- loginToApplication -->
  <testcase name="test2" time="0.0" classname="com.mystore.testcases.BasketPage">
    <ignored/>
  </testcase> <!-- test2 -->
</testsuite> <!-- Test -->
